Project Information                     c:\max2work\project\251715\c64pla7.rpt

MAX+plus II Compiler Report File
Version 10.2 07/10/2002
Compiled: 02/19/2003 21:15:17

Copyright (C) 1988-2002 Altera Corporation
Any megafunction design, and related net list (encrypted or decrypted),
support information, device programming or simulation file, and any other
associated documentation or information provided by Altera or a partner
under Altera's Megafunction Partnership Program may be used only to
program PLD devices (but not masked PLD devices) from Altera.  Any other
use of such megafunction design, net list, support information, device
programming or simulation file, or any other related documentation or
information is prohibited for any other purpose, including, but not
limited to modification, reverse engineering, de-compiling, or use with
any other silicon devices, unless such use is explicitly licensed under
a separate agreement with Altera or a megafunction partner.  Title to
the intellectual property, including patents, copyrights, trademarks,
trade secrets, or maskworks, embodied in any such megafunction design,
net list, support information, device programming or simulation file, or
any other related documentation or information provided by Altera or a
megafunction partner, remains with Altera, the megafunction partner, or
their respective licensors.  No other licenses, including any licenses
needed under any third party's intellectual property, are provided herein.



***** Project compilation was successful


c64pla7


** DEVICE SUMMARY **

Chip/                     Input   Output   Bidir         Shareable
POF       Device          Pins    Pins     Pins     LCs  Expanders  % Utilized

c64pla7   EPM7032LC44-6    17       8        0      11      10          34 %

User Pins:                 17       8        0  



Project Information                     c:\max2work\project\251715\c64pla7.rpt

** PROJECT COMPILATION MESSAGES **

Warning: Line 10, File c:\max2work\project\251715\c64pla7.tdf:
   Symbolic name "fe" was declared but never used
Warning: Ignored unnecessary INPUT pin 'fe'


Project Information                     c:\max2work\project\251715\c64pla7.rpt

** AUTO GLOBAL SIGNALS **



INFO: Signal 'xoe' chosen for auto global Output Enable


Device-Specific Information:            c:\max2work\project\251715\c64pla7.rpt
c64pla7

***** Logic for device 'c64pla7' compiled without errors.




Device: EPM7032LC44-6

Device Options:
    Turbo Bit                                    = ON
    Security Bit                                 = OFF

                                               
                                               
                                         k     
                 h                       e  b  
              g  i                       r  a  
              a  r     V  G  G  x  G  G  n  s  
              m  a  r  C  N  N  o  N  N  a  i  
              e  m  w  C  D  D  e  D  D  l  c  
            -----------------------------------_ 
          /   6  5  4  3  2  1 44 43 42 41 40   | 
   exrom |  7                                39 | casram 
    va12 |  8                                38 | RESERVED 
    va13 |  9                                37 | charom 
     GND | 10                                36 | io 
  charen | 11                                35 | VCC 
    va14 | 12         EPM7032LC44-6          34 | roml 
     aec | 13                                33 | RESERVED 
     cas | 14                                32 | RESERVED 
     VCC | 15                                31 | romh 
      ba | 16                                30 | GND 
     a15 | 17                                29 | ramrw 
         |_  18 19 20 21 22 23 24 25 26 27 28  _| 
           ------------------------------------ 
              a  a  a  l  G  V  R  R  R  R  R  
              1  1  1  o  N  C  E  E  E  E  E  
              4  3  2  r  D  C  S  S  S  S  S  
                       a        E  E  E  E  E  
                       m        R  R  R  R  R  
                                V  V  V  V  V  
                                E  E  E  E  E  
                                D  D  D  D  D  


N.C. = No Connect. This pin has no internal connection to the device.
VCC = Dedicated power pin, which MUST be connected to VCC.
GND = Dedicated ground pin or unused dedicated input, which MUST be connected to GND.
RESERVED = Unused I/O pin, which MUST be left unconnected.



Device-Specific Information:            c:\max2work\project\251715\c64pla7.rpt
c64pla7

** RESOURCE USAGE **

                                                Shareable     External
Logic Array Block     Logic Cells   I/O Pins    Expanders   Interconnect

A:     LC1 - LC16     0/16(  0%)  16/16(100%)   0/16(  0%)   0/36(  0%) 
B:    LC17 - LC32    11/16( 68%)   8/16( 50%)  14/16( 87%)  19/36( 52%) 


Total dedicated input pins used:                 1/4      ( 25%)
Total I/O pins used:                            24/32     ( 75%)
Total logic cells used:                         11/32     ( 34%)
Total shareable expanders used:                 10/32     ( 31%)
Total Turbo logic cells used:                   11/32     ( 34%)
Total shareable expanders not available (n/a):   4/32     ( 12%)
Average fan-in:                                  11.09
Total fan-in:                                   122

Total input pins required:                      17
Total output pins required:                      8
Total bidirectional pins required:               0
Total logic cells required:                     11
Total flipflops required:                        0
Total product terms required:                   43
Total logic cells lending parallel expanders:    0
Total shareable expanders in database:          10

Synthesized logic cells:                         3/  32   (  9%)



Device-Specific Information:            c:\max2work\project\251715\c64pla7.rpt
c64pla7

** INPUTS **

                                         Shareable
                                         Expanders     Fan-In    Fan-Out
 Pin     LC  LAB  Primitive    Code   Total Shared n/a INP  FBK  OUT  FBK  Name
  13    (9)  (A)      INPUT               0      0   0    0    0    8    3  aec
  20   (15)  (A)      INPUT               0      0   0    0    0    3    2  a12
  19   (14)  (A)      INPUT               0      0   0    0    0    7    3  a13
  18   (13)  (A)      INPUT               0      0   0    0    0    7    3  a14
  17   (12)  (A)      INPUT               0      0   0    0    0    7    3  a15
  16   (11)  (A)      INPUT               0      0   0    0    0    2    2  ba
  14   (10)  (A)      INPUT               0      0   0    0    0    1    0  cas
  11    (7)  (A)      INPUT               0      0   0    0    0    2    2  charen
   7    (4)  (A)      INPUT               0      0   0    0    0    6    3  exrom
   6    (3)  (A)      INPUT               0      0   0    0    0    7    2  game
   5    (2)  (A)      INPUT               0      0   0    0    0    6    3  hiram
  21   (16)  (A)      INPUT               0      0   0    0    0    4    3  loram
   4    (1)  (A)      INPUT               0      0   0    0    0    8    3  rw
   8    (5)  (A)      INPUT               0      0   0    0    0    2    2  va12
   9    (6)  (A)      INPUT               0      0   0    0    0    2    2  va13
  12    (8)  (A)      INPUT               0      0   0    0    0    1    2  va14
  44      -   -       INPUT  G            0      0   0    0    0    0    0  xoe


Code:

s = Synthesized pin or logic cell
t = Turbo logic cell
+ = Synchronous flipflop
! = NOT gate push-back
r = Fitter-inserted logic cell
G = Global Source. Fan-out destinations counted here do not include destinations
that are driven using global routing resources. Refer to the Auto Global Signals,
Clock Signals, Clear Signals, Synchronous Load Signals, and Synchronous Clear Signals
Sections of this Report File for information on which signals' fan-outs are used as
Clock, Clear, Preset, Output Enable, and synchronous Load signals.


Device-Specific Information:            c:\max2work\project\251715\c64pla7.rpt
c64pla7

** OUTPUTS **

                                         Shareable
                                         Expanders     Fan-In    Fan-Out
 Pin     LC  LAB  Primitive    Code   Total Shared n/a INP  FBK  OUT  FBK  Name
  40     18    B        TRI      t        0      0   0    8    0    0    0  basic
  39     19    B        TRI      t        8      0   0   10    3    0    0  casram
  37     21    B        TRI      t        1      0   1   14    0    0    0  charom
  36     22    B        TRI      t        2      0   0   12    0    0    0  io
  41     17    B        TRI      t        0      0   0    8    0    0    0  kernal
  29     27    B        TRI      t        0      0   0    2    0    0    0  ramrw
  31     26    B        TRI      t        0      0   0   10    0    0    0  romh
  34     23    B        TRI      t        0      0   0    9    0    0    0  roml


Code:

s = Synthesized pin or logic cell
t = Turbo logic cell
+ = Synchronous flipflop
! = NOT gate push-back
r = Fitter-inserted logic cell


Device-Specific Information:            c:\max2work\project\251715\c64pla7.rpt
c64pla7

** BURIED LOGIC **

                                         Shareable
                                         Expanders     Fan-In    Fan-Out
 Pin     LC  LAB  Primitive    Code   Total Shared n/a INP  FBK  OUT  FBK  Name
 (38)    20    B       SOFT    s t        1      0   1   15    0    1    0  ~643~1
 (33)    24    B       SOFT    s t        1      0   1   11    0    1    0  ~643~2
 (32)    25    B       SOFT    s t        1      0   1   12    0    1    0  ~643~3


Code:

s = Synthesized pin or logic cell
t = Turbo logic cell
+ = Synchronous flipflop
! = NOT gate push-back
r = Fitter-inserted logic cell


Device-Specific Information:            c:\max2work\project\251715\c64pla7.rpt
c64pla7

** LOGIC CELL INTERCONNECTIONS **

Logic Array Block 'B':

                               Logic cells placed in LAB 'B'
        +--------------------- LC18 basic
        | +------------------- LC19 casram
        | | +----------------- LC21 charom
        | | | +--------------- LC22 io
        | | | | +------------- LC17 kernal
        | | | | | +----------- LC27 ramrw
        | | | | | | +--------- LC26 romh
        | | | | | | | +------- LC23 roml
        | | | | | | | | +----- LC20 ~643~1
        | | | | | | | | | +--- LC24 ~643~2
        | | | | | | | | | | +- LC25 ~643~3
        | | | | | | | | | | | 
        | | | | | | | | | | |   Other LABs fed by signals
        | | | | | | | | | | |   that feed LAB 'B'
LC      | | | | | | | | | | | | A B |     Logic cells that feed LAB 'B':
LC20 -> - * - - - - - - - - - | - * | <-- ~643~1
LC24 -> - * - - - - - - - - - | - * | <-- ~643~2
LC25 -> - * - - - - - - - - - | - * | <-- ~643~3

Pin
13   -> * * * * * * * * * * * | - * | <-- aec
20   -> - * * * - - - - * * - | - * | <-- a12
19   -> * * * * * - * * * * * | - * | <-- a13
18   -> * * * * * - * * * * * | - * | <-- a14
17   -> * * * * * - * * * * * | - * | <-- a15
16   -> - * - * - - - - * * - | - * | <-- ba
14   -> - * - - - - - - - - - | - * | <-- cas
11   -> - - * * - - - - * * - | - * | <-- charen
7    -> - * * * * - * * * * * | - * | <-- exrom
6    -> * * * * * - * * * - * | - * | <-- game
5    -> * - * * * - * * * * * | - * | <-- hiram
21   -> * - * * - - - * * * * | - * | <-- loram
4    -> * * * * * * * * * * * | - * | <-- rw
8    -> - - * - - - * - * - * | - * | <-- va12
9    -> - - * - - - * - * - * | - * | <-- va13
12   -> - - * - - - - - * - * | - * | <-- va14
44   -> - - - - - - - - - - - | - - | <-- xoe


* = The logic cell or pin is an input to the logic cell (or LAB) through the PIA.
- = The logic cell or pin is not an input to the logic cell (or LAB).


Device-Specific Information:            c:\max2work\project\251715\c64pla7.rpt
c64pla7

** EQUATIONS **

aec      : INPUT;
a12      : INPUT;
a13      : INPUT;
a14      : INPUT;
a15      : INPUT;
ba       : INPUT;
cas      : INPUT;
charen   : INPUT;
exrom    : INPUT;
game     : INPUT;
hiram    : INPUT;
loram    : INPUT;
rw       : INPUT;
va12     : INPUT;
va13     : INPUT;
va14     : INPUT;
xoe      : INPUT;

-- Node name is 'basic' 
-- Equation name is 'basic', location is LC018, type is output.
basic    = TRI(_LC018, GLOBAL(!xoe));
_LC018   = LCELL( _EQ001 $  VCC);
  _EQ001 = !aec &  a13 & !a14 &  a15 &  game &  hiram &  loram &  rw;

-- Node name is 'casram' 
-- Equation name is 'casram', location is LC019, type is output.
casram   = TRI(_LC019, GLOBAL(!xoe));
_LC019   = LCELL( _EQ002 $  VCC);
  _EQ002 = !cas & !_LC020 & !_LC024 & !_LC025 &  _X001 &  _X002 &  _X003 & 
              _X004 &  _X005 &  _X006 &  _X007 &  _X008;
  _X001  = EXP(!aec & !a14 &  a15 &  exrom & !game);
  _X002  = EXP( a13 & !a14 &  exrom & !game);
  _X003  = EXP(!aec &  a13 &  exrom & !game);
  _X004  = EXP( a12 & !a15 &  exrom & !game);
  _X005  = EXP( a13 & !a15 &  exrom & !game);
  _X006  = EXP(!a12 & !a13 &  a14 &  exrom & !game);
  _X007  = EXP(!aec &  a12 &  exrom & !game & !rw);
  _X008  = EXP(!aec &  a12 &  ba &  exrom & !game);

-- Node name is 'charom' 
-- Equation name is 'charom', location is LC021, type is output.
charom   = TRI(_LC021, GLOBAL(!xoe));
_LC021   = LCELL( _EQ003 $  VCC);
  _EQ003 = !aec &  a12 & !a13 &  a14 &  a15 & !charen & !exrom & !game & 
              hiram &  rw
         # !aec &  a12 & !a13 &  a14 &  a15 & !charen &  game &  loram &  rw
         # !aec &  a12 & !a13 &  a14 &  a15 & !charen &  game &  hiram &  rw
         #  aec & !exrom & !game &  va12 & !va13 &  va14
         #  aec &  game &  va12 & !va13 &  va14;

-- Node name is 'io' 
-- Equation name is 'io', location is LC022, type is output.
io       = TRI(_LC022, GLOBAL(!xoe));
_LC022   = LCELL( _EQ004 $  VCC);
  _EQ004 = !aec &  a12 & !a13 &  a14 &  a15 &  ba &  charen &  _X009
         # !aec &  a12 & !a13 &  a14 &  a15 &  exrom & !game &  _X010
         # !aec &  a12 & !a13 &  a14 &  a15 &  charen & !rw &  _X009;
  _X009  = EXP(!hiram & !loram);
  _X010  = EXP(!ba &  rw);

-- Node name is 'kernal' 
-- Equation name is 'kernal', location is LC017, type is output.
kernal   = TRI(_LC017, GLOBAL(!xoe));
_LC017   = LCELL( _EQ005 $  VCC);
  _EQ005 = !aec &  a13 &  a14 &  a15 & !exrom & !game &  hiram &  rw
         # !aec &  a13 &  a14 &  a15 &  game &  hiram &  rw;

-- Node name is 'ramrw' 
-- Equation name is 'ramrw', location is LC027, type is output.
ramrw    = TRI(_LC027, GLOBAL(!xoe));
_LC027   = LCELL( _EQ006 $  VCC);
  _EQ006 = !aec & !rw;

-- Node name is 'romh' 
-- Equation name is 'romh', location is LC026, type is output.
romh     = TRI(_LC026, GLOBAL(!xoe));
_LC026   = LCELL( _EQ007 $  VCC);
  _EQ007 = !aec &  a13 & !a14 &  a15 & !exrom & !game &  hiram &  rw
         # !aec &  a13 &  a14 &  a15 &  exrom & !game
         #  aec &  exrom & !game &  va12 &  va13;

-- Node name is 'roml' 
-- Equation name is 'roml', location is LC023, type is output.
roml     = TRI(_LC023, GLOBAL(!xoe));
_LC023   = LCELL( _EQ008 $  VCC);
  _EQ008 = !aec & !a13 & !a14 &  a15 & !exrom &  hiram &  loram &  rw
         # !aec & !a13 & !a14 &  a15 &  exrom & !game;

-- Node name is '~643~1' from file "c64pla7.tdf" line 148, column 6
-- Equation name is '~643~1', location is LC020, type is buried.
-- synthesized logic cell 
_LC020   = LCELL( _EQ009 $  GND);
  _EQ009 =  aec &  exrom & !game &  va12 &  va13
         # !aec &  a12 & !a13 &  a14 &  a15 & !charen &  game &  loram &  rw
         #  aec &  game &  va12 & !va13 &  va14
         # !aec &  a12 & !a13 &  a14 &  a15 &  ba &  charen &  loram
         # !aec &  a12 &  a14 &  a15 & !charen &  game &  hiram &  rw;

-- Node name is '~643~2' from file "c64pla7.tdf" line 148, column 6
-- Equation name is '~643~2', location is LC024, type is buried.
-- synthesized logic cell 
_LC024   = LCELL( _EQ010 $  GND);
  _EQ010 = !aec &  a12 & !a13 &  a14 &  a15 &  charen &  hiram & !rw
         # !aec &  a12 & !a13 &  a14 &  a15 &  charen &  loram & !rw
         # !aec &  a12 &  a14 &  a15 & !charen & !exrom &  hiram &  rw
         # !aec &  a12 &  a14 &  a15 &  ba &  hiram &  rw
         # !aec & !a14 &  a15 & !exrom &  hiram &  loram &  rw;

-- Node name is '~643~3' from file "c64pla7.tdf" line 148, column 6
-- Equation name is '~643~3', location is LC025, type is buried.
-- synthesized logic cell 
_LC025   = LCELL( _EQ011 $  GND);
  _EQ011 = !aec &  a13 &  a14 &  a15 &  hiram &  rw
         # !aec &  a13 &  a15 &  hiram &  loram &  rw
         #  aec &  a14 & !a15 &  va12 & !va13 &  va14
         # !aec &  a13 &  a15 & !game &  hiram &  rw
         #  aec & !exrom &  va12 & !va13 &  va14;



--     Shareable expanders that are duplicated in multiple LABs:
--     (none)




Project Information                     c:\max2work\project\251715\c64pla7.rpt

** COMPILATION SETTINGS & TIMES **

Processing Menu Commands
------------------------

Design Doctor                             = off

Logic Synthesis:

   Synthesis Type Used                    = Standard

   Default Synthesis Style                = NORMAL

      Logic option settings in 'NORMAL' style for 'MAX7000' family

      DECOMPOSE_GATES                     = on
      DUPLICATE_LOGIC_EXTRACTION          = on
      MINIMIZATION                        = full
      MULTI_LEVEL_FACTORING               = on
      NOT_GATE_PUSH_BACK                  = on
      PARALLEL_EXPANDERS                  = off
      REDUCE_LOGIC                        = on
      REFACTORIZATION                     = on
      REGISTER_OPTIMIZATION               = on
      RESYNTHESIZE_NETWORK                = on
      SLOW_SLEW_RATE                      = off
      SOFT_BUFFER_INSERTION               = on
      SUBFACTOR_EXTRACTION                = on
      TURBO_BIT                           = on
      XOR_SYNTHESIS                       = on
      IGNORE_SOFT_BUFFERS                 = off
      USE_LPM_FOR_AHDL_OPERATORS          = off

   Other logic synthesis settings:

      Automatic Global Clock              = on
      Automatic Global Clear              = on
      Automatic Global Preset             = on
      Automatic Global Output Enable      = on
      Automatic Fast I/O                  = off
      Automatic Register Packing          = off
      Automatic Open-Drain Pins           = on
      Automatic Implement in EAB          = off
      One-Hot State Machine Encoding      = off
      Optimize                            = 5

Default Timing Specifications: None

Cut All Bidir Feedback Timing Paths       = on
Cut All Clear & Preset Timing Paths       = on

Ignore Timing Assignments                 = on

Functional SNF Extractor                  = off

Linked SNF Extractor                      = off
Timing SNF Extractor                      = on
Optimize Timing SNF                       = off
Generate AHDL TDO File                    = off
Fitter Settings                           = NORMAL
Smart Recompile                           = off
Total Recompile                           = off

Interfaces Menu Commands
------------------------

EDIF Netlist Writer                       = off
Verilog Netlist Writer                    = off
VHDL Netlist Writer                       = off
ADT PALACE Compilation                    = off

Compilation Times
-----------------

   Compiler Netlist Extractor             00:00:00
   Database Builder                       00:00:00
   Logic Synthesizer                      00:00:00
   Partitioner                            00:00:01
   Fitter                                 00:00:00
   Timing SNF Extractor                   00:00:01
   Assembler                              00:00:00
   --------------------------             --------
   Total Time                             00:00:02


Memory Allocated
-----------------

Peak memory allocated during compilation  = 3,373K
